{"C:\\Users\\abita\\Documents\\Typescript\\sem-tsc-jest\\src\\app.ts": {"path":"C:\\Users\\abita\\Documents\\Typescript\\sem-tsc-jest\\src\\app.ts","statementMap":{"0":{"start":{"line":2,"column":4},"end":{"line":2,"column":null}},"1":{"start":{"line":1,"column":0},"end":{"line":1,"column":16}},"2":{"start":{"line":8,"column":4},"end":{"line":13,"column":32}},"3":{"start":{"line":9,"column":8},"end":{"line":9,"column":32}},"4":{"start":{"line":10,"column":9},"end":{"line":13,"column":32}},"5":{"start":{"line":11,"column":8},"end":{"line":11,"column":null}},"6":{"start":{"line":13,"column":8},"end":{"line":13,"column":32}},"7":{"start":{"line":15,"column":4},"end":{"line":15,"column":24}},"8":{"start":{"line":5,"column":0},"end":{"line":5,"column":16}},"9":{"start":{"line":19,"column":4},"end":{"line":19,"column":38}},"10":{"start":{"line":18,"column":0},"end":{"line":18,"column":16}}},"fnMap":{"0":{"name":"sumar","decl":{"start":{"line":1,"column":16},"end":{"line":1,"column":21}},"loc":{"start":{"line":1,"column":40},"end":{"line":3,"column":1}}},"1":{"name":"getLevel","decl":{"start":{"line":5,"column":16},"end":{"line":5,"column":24}},"loc":{"start":{"line":5,"column":37},"end":{"line":16,"column":1}}},"2":{"name":"getType","decl":{"start":{"line":18,"column":16},"end":{"line":18,"column":23}},"loc":{"start":{"line":18,"column":37},"end":{"line":20,"column":1}}}},"branchMap":{"0":{"loc":{"start":{"line":8,"column":4},"end":{"line":13,"column":32}},"type":"if","locations":[{"start":{"line":8,"column":4},"end":{"line":13,"column":32}},{"start":{"line":10,"column":9},"end":{"line":13,"column":32}}]},"1":{"loc":{"start":{"line":10,"column":9},"end":{"line":13,"column":32}},"type":"if","locations":[{"start":{"line":10,"column":9},"end":{"line":13,"column":32}},{"start":{"line":13,"column":8},"end":{"line":13,"column":32}}]},"2":{"loc":{"start":{"line":19,"column":11},"end":{"line":19,"column":37}},"type":"cond-expr","locations":[{"start":{"line":19,"column":25},"end":{"line":19,"column":31}},{"start":{"line":19,"column":34},"end":{"line":19,"column":37}}]}},"s":{"0":1,"1":1,"2":3,"3":1,"4":2,"5":1,"6":1,"7":3,"8":1,"9":1,"10":1},"f":{"0":1,"1":3,"2":1},"b":{"0":[1,2],"1":[1,1],"2":[1,0]}}
}
